{"uid":"53a342e01f66664a","name":"exclusaoDeClienteNaBaseDeDados()","fullName":"br.com.sicred.tests.DeletarClienteExistenteTest.exclusaoDeClienteNaBaseDeDados","historyId":"2a7173b065f3927fd686d9bb8c2f99d8","time":{"start":1701681203656,"stop":1701681213260,"duration":9604},"description":"Realizar a exclusão de um cliente já Cadastrado na plataforma","descriptionHtml":"<p>Realizar a exclusão de um cliente já Cadastrado na plataforma</p>\n","status":"failed","statusMessage":"\nExpected: is \"Are you sure that you want to delete this 1 item?\"\n     but: was \"\"","statusTrace":"java.lang.AssertionError: \nExpected: is \"Are you sure that you want to delete this 1 item?\"\n     but: was \"\"\n\tat org.hamcrest.MatcherAssert.assertThat(MatcherAssert.java:20)\n\tat org.hamcrest.MatcherAssert.assertThat(MatcherAssert.java:8)\n\tat br.com.sicred.core.BasePage.validarSeTextoEhExatamenteOMesmo(BasePage.java:47)\n\tat br.com.sicred.action.HomeAction.validarAlertaParaConfirmarExclusao(HomeAction.java:61)\n\tat br.com.sicred.tests.DeletarClienteExistenteTest.exclusaoDeClienteNaBaseDeDados(DeletarClienteExistenteTest.java:35)\n\tat java.base/jdk.internal.reflect.NativeMethodAccessorImpl.invoke0(Native Method)\n\tat java.base/jdk.internal.reflect.NativeMethodAccessorImpl.invoke(NativeMethodAccessorImpl.java:62)\n\tat java.base/jdk.internal.reflect.DelegatingMethodAccessorImpl.invoke(DelegatingMethodAccessorImpl.java:43)\n\tat java.base/java.lang.reflect.Method.invoke(Method.java:566)\n\tat org.junit.platform.commons.util.ReflectionUtils.invokeMethod(ReflectionUtils.java:688)\n\tat org.junit.jupiter.engine.execution.MethodInvocation.proceed(MethodInvocation.java:60)\n\tat org.junit.jupiter.engine.execution.InvocationInterceptorChain$ValidatingInvocation.proceed(InvocationInterceptorChain.java:131)\n\tat org.junit.jupiter.engine.extension.TimeoutExtension.intercept(TimeoutExtension.java:149)\n\tat org.junit.jupiter.engine.extension.TimeoutExtension.interceptTestableMethod(TimeoutExtension.java:140)\n\tat org.junit.jupiter.engine.extension.TimeoutExtension.interceptTestMethod(TimeoutExtension.java:84)\n\tat org.junit.jupiter.engine.execution.ExecutableInvoker$ReflectiveInterceptorCall.lambda$ofVoidMethod$0(ExecutableInvoker.java:115)\n\tat org.junit.jupiter.engine.execution.ExecutableInvoker.lambda$invoke$0(ExecutableInvoker.java:105)\n\tat org.junit.jupiter.engine.execution.InvocationInterceptorChain$InterceptedInvocation.proceed(InvocationInterceptorChain.java:106)\n\tat org.junit.jupiter.engine.execution.InvocationInterceptorChain.proceed(InvocationInterceptorChain.java:64)\n\tat org.junit.jupiter.engine.execution.InvocationInterceptorChain.chainAndInvoke(InvocationInterceptorChain.java:45)\n\tat org.junit.jupiter.engine.execution.InvocationInterceptorChain.invoke(InvocationInterceptorChain.java:37)\n\tat org.junit.jupiter.engine.execution.ExecutableInvoker.invoke(ExecutableInvoker.java:104)\n\tat org.junit.jupiter.engine.execution.ExecutableInvoker.invoke(ExecutableInvoker.java:98)\n\tat org.junit.jupiter.engine.descriptor.TestMethodTestDescriptor.lambda$invokeTestMethod$6(TestMethodTestDescriptor.java:210)\n\tat org.junit.platform.engine.support.hierarchical.ThrowableCollector.execute(ThrowableCollector.java:73)\n\tat org.junit.jupiter.engine.descriptor.TestMethodTestDescriptor.invokeTestMethod(TestMethodTestDescriptor.java:206)\n\tat org.junit.jupiter.engine.descriptor.TestMethodTestDescriptor.execute(TestMethodTestDescriptor.java:131)\n\tat org.junit.jupiter.engine.descriptor.TestMethodTestDescriptor.execute(TestMethodTestDescriptor.java:65)\n\tat org.junit.platform.engine.support.hierarchical.NodeTestTask.lambda$executeRecursively$5(NodeTestTask.java:139)\n\tat org.junit.platform.engine.support.hierarchical.ThrowableCollector.execute(ThrowableCollector.java:73)\n\tat org.junit.platform.engine.support.hierarchical.NodeTestTask.lambda$executeRecursively$7(NodeTestTask.java:129)\n\tat org.junit.platform.engine.support.hierarchical.Node.around(Node.java:137)\n\tat org.junit.platform.engine.support.hierarchical.NodeTestTask.lambda$executeRecursively$8(NodeTestTask.java:127)\n\tat org.junit.platform.engine.support.hierarchical.ThrowableCollector.execute(ThrowableCollector.java:73)\n\tat org.junit.platform.engine.support.hierarchical.NodeTestTask.executeRecursively(NodeTestTask.java:126)\n\tat org.junit.platform.engine.support.hierarchical.NodeTestTask.execute(NodeTestTask.java:84)\n\tat java.base/java.util.ArrayList.forEach(ArrayList.java:1541)\n\tat org.junit.platform.engine.support.hierarchical.SameThreadHierarchicalTestExecutorService.invokeAll(SameThreadHierarchicalTestExecutorService.java:38)\n\tat org.junit.platform.engine.support.hierarchical.NodeTestTask.lambda$executeRecursively$5(NodeTestTask.java:143)\n\tat org.junit.platform.engine.support.hierarchical.ThrowableCollector.execute(ThrowableCollector.java:73)\n\tat org.junit.platform.engine.support.hierarchical.NodeTestTask.lambda$executeRecursively$7(NodeTestTask.java:129)\n\tat org.junit.platform.engine.support.hierarchical.Node.around(Node.java:137)\n\tat org.junit.platform.engine.support.hierarchical.NodeTestTask.lambda$executeRecursively$8(NodeTestTask.java:127)\n\tat org.junit.platform.engine.support.hierarchical.ThrowableCollector.execute(ThrowableCollector.java:73)\n\tat org.junit.platform.engine.support.hierarchical.NodeTestTask.executeRecursively(NodeTestTask.java:126)\n\tat org.junit.platform.engine.support.hierarchical.NodeTestTask.execute(NodeTestTask.java:84)\n\tat java.base/java.util.ArrayList.forEach(ArrayList.java:1541)\n\tat org.junit.platform.engine.support.hierarchical.SameThreadHierarchicalTestExecutorService.invokeAll(SameThreadHierarchicalTestExecutorService.java:38)\n\tat org.junit.platform.engine.support.hierarchical.NodeTestTask.lambda$executeRecursively$5(NodeTestTask.java:143)\n\tat org.junit.platform.engine.support.hierarchical.ThrowableCollector.execute(ThrowableCollector.java:73)\n\tat org.junit.platform.engine.support.hierarchical.NodeTestTask.lambda$executeRecursively$7(NodeTestTask.java:129)\n\tat org.junit.platform.engine.support.hierarchical.Node.around(Node.java:137)\n\tat org.junit.platform.engine.support.hierarchical.NodeTestTask.lambda$executeRecursively$8(NodeTestTask.java:127)\n\tat org.junit.platform.engine.support.hierarchical.ThrowableCollector.execute(ThrowableCollector.java:73)\n\tat org.junit.platform.engine.support.hierarchical.NodeTestTask.executeRecursively(NodeTestTask.java:126)\n\tat org.junit.platform.engine.support.hierarchical.NodeTestTask.execute(NodeTestTask.java:84)\n\tat org.junit.platform.engine.support.hierarchical.SameThreadHierarchicalTestExecutorService.submit(SameThreadHierarchicalTestExecutorService.java:32)\n\tat org.junit.platform.engine.support.hierarchical.HierarchicalTestExecutor.execute(HierarchicalTestExecutor.java:57)\n\tat org.junit.platform.engine.support.hierarchical.HierarchicalTestEngine.execute(HierarchicalTestEngine.java:51)\n\tat org.junit.platform.launcher.core.DefaultLauncher.execute(DefaultLauncher.java:229)\n\tat org.junit.platform.launcher.core.DefaultLauncher.lambda$execute$6(DefaultLauncher.java:197)\n\tat org.junit.platform.launcher.core.DefaultLauncher.withInterceptedStreams(DefaultLauncher.java:211)\n\tat org.junit.platform.launcher.core.DefaultLauncher.execute(DefaultLauncher.java:191)\n\tat org.junit.platform.launcher.core.DefaultLauncher.execute(DefaultLauncher.java:128)\n\tat org.apache.maven.surefire.junitplatform.JUnitPlatformProvider.execute(JUnitPlatformProvider.java:188)\n\tat org.apache.maven.surefire.junitplatform.JUnitPlatformProvider.invokeAllTests(JUnitPlatformProvider.java:154)\n\tat org.apache.maven.surefire.junitplatform.JUnitPlatformProvider.invoke(JUnitPlatformProvider.java:128)\n\tat org.apache.maven.surefire.booter.ForkedBooter.runSuitesInProcess(ForkedBooter.java:428)\n\tat org.apache.maven.surefire.booter.ForkedBooter.execute(ForkedBooter.java:162)\n\tat org.apache.maven.surefire.booter.ForkedBooter.run(ForkedBooter.java:562)\n\tat org.apache.maven.surefire.booter.ForkedBooter.main(ForkedBooter.java:548)\n","flaky":true,"newFailed":true,"newBroken":false,"newPassed":false,"retriesCount":3,"retriesStatusChange":true,"beforeStages":[],"testStage":{"description":"Realizar a exclusão de um cliente já Cadastrado na plataforma","status":"failed","statusMessage":"\nExpected: is \"Are you sure that you want to delete this 1 item?\"\n     but: was \"\"","statusTrace":"java.lang.AssertionError: \nExpected: is \"Are you sure that you want to delete this 1 item?\"\n     but: was \"\"\n\tat org.hamcrest.MatcherAssert.assertThat(MatcherAssert.java:20)\n\tat org.hamcrest.MatcherAssert.assertThat(MatcherAssert.java:8)\n\tat br.com.sicred.core.BasePage.validarSeTextoEhExatamenteOMesmo(BasePage.java:47)\n\tat br.com.sicred.action.HomeAction.validarAlertaParaConfirmarExclusao(HomeAction.java:61)\n\tat br.com.sicred.tests.DeletarClienteExistenteTest.exclusaoDeClienteNaBaseDeDados(DeletarClienteExistenteTest.java:35)\n\tat java.base/jdk.internal.reflect.NativeMethodAccessorImpl.invoke0(Native Method)\n\tat java.base/jdk.internal.reflect.NativeMethodAccessorImpl.invoke(NativeMethodAccessorImpl.java:62)\n\tat java.base/jdk.internal.reflect.DelegatingMethodAccessorImpl.invoke(DelegatingMethodAccessorImpl.java:43)\n\tat java.base/java.lang.reflect.Method.invoke(Method.java:566)\n\tat org.junit.platform.commons.util.ReflectionUtils.invokeMethod(ReflectionUtils.java:688)\n\tat org.junit.jupiter.engine.execution.MethodInvocation.proceed(MethodInvocation.java:60)\n\tat org.junit.jupiter.engine.execution.InvocationInterceptorChain$ValidatingInvocation.proceed(InvocationInterceptorChain.java:131)\n\tat org.junit.jupiter.engine.extension.TimeoutExtension.intercept(TimeoutExtension.java:149)\n\tat org.junit.jupiter.engine.extension.TimeoutExtension.interceptTestableMethod(TimeoutExtension.java:140)\n\tat org.junit.jupiter.engine.extension.TimeoutExtension.interceptTestMethod(TimeoutExtension.java:84)\n\tat org.junit.jupiter.engine.execution.ExecutableInvoker$ReflectiveInterceptorCall.lambda$ofVoidMethod$0(ExecutableInvoker.java:115)\n\tat org.junit.jupiter.engine.execution.ExecutableInvoker.lambda$invoke$0(ExecutableInvoker.java:105)\n\tat org.junit.jupiter.engine.execution.InvocationInterceptorChain$InterceptedInvocation.proceed(InvocationInterceptorChain.java:106)\n\tat org.junit.jupiter.engine.execution.InvocationInterceptorChain.proceed(InvocationInterceptorChain.java:64)\n\tat org.junit.jupiter.engine.execution.InvocationInterceptorChain.chainAndInvoke(InvocationInterceptorChain.java:45)\n\tat org.junit.jupiter.engine.execution.InvocationInterceptorChain.invoke(InvocationInterceptorChain.java:37)\n\tat org.junit.jupiter.engine.execution.ExecutableInvoker.invoke(ExecutableInvoker.java:104)\n\tat org.junit.jupiter.engine.execution.ExecutableInvoker.invoke(ExecutableInvoker.java:98)\n\tat org.junit.jupiter.engine.descriptor.TestMethodTestDescriptor.lambda$invokeTestMethod$6(TestMethodTestDescriptor.java:210)\n\tat org.junit.platform.engine.support.hierarchical.ThrowableCollector.execute(ThrowableCollector.java:73)\n\tat org.junit.jupiter.engine.descriptor.TestMethodTestDescriptor.invokeTestMethod(TestMethodTestDescriptor.java:206)\n\tat org.junit.jupiter.engine.descriptor.TestMethodTestDescriptor.execute(TestMethodTestDescriptor.java:131)\n\tat org.junit.jupiter.engine.descriptor.TestMethodTestDescriptor.execute(TestMethodTestDescriptor.java:65)\n\tat org.junit.platform.engine.support.hierarchical.NodeTestTask.lambda$executeRecursively$5(NodeTestTask.java:139)\n\tat org.junit.platform.engine.support.hierarchical.ThrowableCollector.execute(ThrowableCollector.java:73)\n\tat org.junit.platform.engine.support.hierarchical.NodeTestTask.lambda$executeRecursively$7(NodeTestTask.java:129)\n\tat org.junit.platform.engine.support.hierarchical.Node.around(Node.java:137)\n\tat org.junit.platform.engine.support.hierarchical.NodeTestTask.lambda$executeRecursively$8(NodeTestTask.java:127)\n\tat org.junit.platform.engine.support.hierarchical.ThrowableCollector.execute(ThrowableCollector.java:73)\n\tat org.junit.platform.engine.support.hierarchical.NodeTestTask.executeRecursively(NodeTestTask.java:126)\n\tat org.junit.platform.engine.support.hierarchical.NodeTestTask.execute(NodeTestTask.java:84)\n\tat java.base/java.util.ArrayList.forEach(ArrayList.java:1541)\n\tat org.junit.platform.engine.support.hierarchical.SameThreadHierarchicalTestExecutorService.invokeAll(SameThreadHierarchicalTestExecutorService.java:38)\n\tat org.junit.platform.engine.support.hierarchical.NodeTestTask.lambda$executeRecursively$5(NodeTestTask.java:143)\n\tat org.junit.platform.engine.support.hierarchical.ThrowableCollector.execute(ThrowableCollector.java:73)\n\tat org.junit.platform.engine.support.hierarchical.NodeTestTask.lambda$executeRecursively$7(NodeTestTask.java:129)\n\tat org.junit.platform.engine.support.hierarchical.Node.around(Node.java:137)\n\tat org.junit.platform.engine.support.hierarchical.NodeTestTask.lambda$executeRecursively$8(NodeTestTask.java:127)\n\tat org.junit.platform.engine.support.hierarchical.ThrowableCollector.execute(ThrowableCollector.java:73)\n\tat org.junit.platform.engine.support.hierarchical.NodeTestTask.executeRecursively(NodeTestTask.java:126)\n\tat org.junit.platform.engine.support.hierarchical.NodeTestTask.execute(NodeTestTask.java:84)\n\tat java.base/java.util.ArrayList.forEach(ArrayList.java:1541)\n\tat org.junit.platform.engine.support.hierarchical.SameThreadHierarchicalTestExecutorService.invokeAll(SameThreadHierarchicalTestExecutorService.java:38)\n\tat org.junit.platform.engine.support.hierarchical.NodeTestTask.lambda$executeRecursively$5(NodeTestTask.java:143)\n\tat org.junit.platform.engine.support.hierarchical.ThrowableCollector.execute(ThrowableCollector.java:73)\n\tat org.junit.platform.engine.support.hierarchical.NodeTestTask.lambda$executeRecursively$7(NodeTestTask.java:129)\n\tat org.junit.platform.engine.support.hierarchical.Node.around(Node.java:137)\n\tat org.junit.platform.engine.support.hierarchical.NodeTestTask.lambda$executeRecursively$8(NodeTestTask.java:127)\n\tat org.junit.platform.engine.support.hierarchical.ThrowableCollector.execute(ThrowableCollector.java:73)\n\tat org.junit.platform.engine.support.hierarchical.NodeTestTask.executeRecursively(NodeTestTask.java:126)\n\tat org.junit.platform.engine.support.hierarchical.NodeTestTask.execute(NodeTestTask.java:84)\n\tat org.junit.platform.engine.support.hierarchical.SameThreadHierarchicalTestExecutorService.submit(SameThreadHierarchicalTestExecutorService.java:32)\n\tat org.junit.platform.engine.support.hierarchical.HierarchicalTestExecutor.execute(HierarchicalTestExecutor.java:57)\n\tat org.junit.platform.engine.support.hierarchical.HierarchicalTestEngine.execute(HierarchicalTestEngine.java:51)\n\tat org.junit.platform.launcher.core.DefaultLauncher.execute(DefaultLauncher.java:229)\n\tat org.junit.platform.launcher.core.DefaultLauncher.lambda$execute$6(DefaultLauncher.java:197)\n\tat org.junit.platform.launcher.core.DefaultLauncher.withInterceptedStreams(DefaultLauncher.java:211)\n\tat org.junit.platform.launcher.core.DefaultLauncher.execute(DefaultLauncher.java:191)\n\tat org.junit.platform.launcher.core.DefaultLauncher.execute(DefaultLauncher.java:128)\n\tat org.apache.maven.surefire.junitplatform.JUnitPlatformProvider.execute(JUnitPlatformProvider.java:188)\n\tat org.apache.maven.surefire.junitplatform.JUnitPlatformProvider.invokeAllTests(JUnitPlatformProvider.java:154)\n\tat org.apache.maven.surefire.junitplatform.JUnitPlatformProvider.invoke(JUnitPlatformProvider.java:128)\n\tat org.apache.maven.surefire.booter.ForkedBooter.runSuitesInProcess(ForkedBooter.java:428)\n\tat org.apache.maven.surefire.booter.ForkedBooter.execute(ForkedBooter.java:162)\n\tat org.apache.maven.surefire.booter.ForkedBooter.run(ForkedBooter.java:562)\n\tat org.apache.maven.surefire.booter.ForkedBooter.main(ForkedBooter.java:548)\n","steps":[],"attachments":[{"uid":"7c0c30e8d8b0063d","name":"Ocorreu uma divergencia entre o resultado Esperado x Obtido","source":"7c0c30e8d8b0063d.png","type":"image/png","size":90776}],"parameters":[],"shouldDisplayMessage":true,"stepsCount":0,"attachmentsCount":1,"hasContent":true},"afterStages":[],"labels":[{"name":"tag","value":"excluir-cliente"},{"name":"tag","value":"regressivo"},{"name":"feature","value":"Exclusao de Clientes Cadastrados"},{"name":"story","value":"Remover clientes da base"},{"name":"epic","value":"Disponibilizar recursos cadastrar e excluir "},{"name":"host","value":"fv-az1052-336"},{"name":"thread","value":"2593@fv-az1052-336.main(1)"},{"name":"framework","value":"junit-platform"},{"name":"language","value":"java"},{"name":"package","value":"br.com.sicred.tests.DeletarClienteExistenteTest"},{"name":"testClass","value":"br.com.sicred.tests.DeletarClienteExistenteTest"},{"name":"testMethod","value":"exclusaoDeClienteNaBaseDeDados"},{"name":"suite","value":"br.com.sicred.tests.DeletarClienteExistenteTest"},{"name":"severity","value":"normal"},{"name":"resultFormat","value":"allure2"}],"parameters":[],"links":[],"hidden":false,"retry":false,"extra":{"severity":"normal","retries":[{"uid":"b40858d31741450c","status":"passed","time":{"start":1701681173484,"stop":1701681190785,"duration":17301}},{"uid":"a7ed2de572c6dcc7","status":"passed","time":{"start":1679935911663,"stop":1679935937871,"duration":26208}},{"uid":"bb223e35614f8954","status":"passed","time":{"start":1678290078626,"stop":1678290117118,"duration":38492}}],"categories":[{"name":"Product defects","matchedStatuses":[],"flaky":false}],"history":{"statistic":{"failed":6,"broken":1,"skipped":0,"passed":189,"unknown":0,"total":196},"items":[{"uid":"79c2351d06fffac9","reportUrl":"https://RodrigoQA.github.io/sicredi-automation-tests-web/222//#testresult/79c2351d06fffac9","status":"passed","time":{"start":1701421966129,"stop":1701421982964,"duration":16835}},{"uid":"ed09dc905d22157","reportUrl":"https://RodrigoQA.github.io/sicredi-automation-tests-web/221//#testresult/ed09dc905d22157","status":"failed","statusDetails":"\nExpected: is \"Are you sure that you want to delete this 1 item?\"\n     but: was \"\"","time":{"start":1701335510684,"stop":1701335518603,"duration":7919}},{"uid":"d90af1076571876a","reportUrl":"https://RodrigoQA.github.io/sicredi-automation-tests-web/220//#testresult/d90af1076571876a","status":"failed","statusDetails":"\nExpected: is \"Are you sure that you want to delete this 1 item?\"\n     but: was \"\"","time":{"start":1701249139062,"stop":1701249147671,"duration":8609}},{"uid":"fffb16f8532817f9","reportUrl":"https://RodrigoQA.github.io/sicredi-automation-tests-web/219//#testresult/fffb16f8532817f9","status":"passed","time":{"start":1701162768305,"stop":1701162786816,"duration":18511}},{"uid":"87ea2463683a7953","reportUrl":"https://RodrigoQA.github.io/sicredi-automation-tests-web/218//#testresult/87ea2463683a7953","status":"passed","time":{"start":1701076398279,"stop":1701076414858,"duration":16579}},{"uid":"82f4aae64f1791b8","reportUrl":"https://RodrigoQA.github.io/sicredi-automation-tests-web/217//#testresult/82f4aae64f1791b8","status":"passed","time":{"start":1700817148837,"stop":1700817165556,"duration":16719}},{"uid":"ee13bde45ce4fa88","reportUrl":"https://RodrigoQA.github.io/sicredi-automation-tests-web/216//#testresult/ee13bde45ce4fa88","status":"passed","time":{"start":1700730758280,"stop":1700730776280,"duration":18000}},{"uid":"25c367cdb780ab27","reportUrl":"https://RodrigoQA.github.io/sicredi-automation-tests-web/215//#testresult/25c367cdb780ab27","status":"passed","time":{"start":1700644396806,"stop":1700644414920,"duration":18114}},{"uid":"5e79869ed829df91","reportUrl":"https://RodrigoQA.github.io/sicredi-automation-tests-web/214//#testresult/5e79869ed829df91","status":"passed","time":{"start":1700557971519,"stop":1700557989070,"duration":17551}},{"uid":"d769209c0035126e","reportUrl":"https://RodrigoQA.github.io/sicredi-automation-tests-web/213//#testresult/d769209c0035126e","status":"passed","time":{"start":1700471593088,"stop":1700471609571,"duration":16483}},{"uid":"f0ba663bcc0eb4cd","reportUrl":"https://RodrigoQA.github.io/sicredi-automation-tests-web/212//#testresult/f0ba663bcc0eb4cd","status":"passed","time":{"start":1700212327386,"stop":1700212343916,"duration":16530}},{"uid":"db4888e98d9c5ca1","reportUrl":"https://RodrigoQA.github.io/sicredi-automation-tests-web/211//#testresult/db4888e98d9c5ca1","status":"passed","time":{"start":1700125950111,"stop":1700125968292,"duration":18181}},{"uid":"c1290328a6e55e5b","reportUrl":"https://RodrigoQA.github.io/sicredi-automation-tests-web/210//#testresult/c1290328a6e55e5b","status":"passed","time":{"start":1700039566474,"stop":1700039584033,"duration":17559}},{"uid":"b183338a3cd5dc52","reportUrl":"https://RodrigoQA.github.io/sicredi-automation-tests-web/209//#testresult/b183338a3cd5dc52","status":"passed","time":{"start":1699953154905,"stop":1699953172484,"duration":17579}},{"uid":"42f3da95b5243b5","reportUrl":"https://RodrigoQA.github.io/sicredi-automation-tests-web/208//#testresult/42f3da95b5243b5","status":"passed","time":{"start":1699866769344,"stop":1699866786523,"duration":17179}},{"uid":"de00697e8c5db208","reportUrl":"https://RodrigoQA.github.io/sicredi-automation-tests-web/207//#testresult/de00697e8c5db208","status":"passed","time":{"start":1699607511464,"stop":1699607528813,"duration":17349}},{"uid":"3ee8f7944abea299","reportUrl":"https://RodrigoQA.github.io/sicredi-automation-tests-web/206//#testresult/3ee8f7944abea299","status":"passed","time":{"start":1699521141802,"stop":1699521159611,"duration":17809}},{"uid":"4ab5646c5b122b0f","reportUrl":"https://RodrigoQA.github.io/sicredi-automation-tests-web/205//#testresult/4ab5646c5b122b0f","status":"passed","time":{"start":1699434713183,"stop":1699434730315,"duration":17132}},{"uid":"cb817fb92c0edb34","reportUrl":"https://RodrigoQA.github.io/sicredi-automation-tests-web/204//#testresult/cb817fb92c0edb34","status":"passed","time":{"start":1699348340106,"stop":1699348359402,"duration":19296}},{"uid":"7127d3ed4b593c8d","reportUrl":"https://RodrigoQA.github.io/sicredi-automation-tests-web/203//#testresult/7127d3ed4b593c8d","status":"passed","time":{"start":1699261994210,"stop":1699262010792,"duration":16582}}]},"tags":["excluir-cliente","regressivo"]},"source":"53a342e01f66664a.json","parameterValues":[]}